Performing C++ SOURCE FILE Test SDL2PP_WITH_EXPERIMENTAL_OPTIONAL failed with the following output:
Change Dir: /home/adrian/Escritorio/tpfinal/TP-Final-Dune-Grupo-1/cmake-build-debug/CMakeFiles/CMakeTmp

Run Build Command(s):/snap/clion/190/bin/ninja/linux/ninja cmTC_a925f && [1/2] Building CXX object CMakeFiles/cmTC_a925f.dir/src.cxx.o
FAILED: CMakeFiles/cmTC_a925f.dir/src.cxx.o 
/usr/bin/c++ -DSDL2PP_WITH_EXPERIMENTAL_OPTIONAL  -g -std=c++11 -o CMakeFiles/cmTC_a925f.dir/src.cxx.o -c /home/adrian/Escritorio/tpfinal/TP-Final-Dune-Grupo-1/cmake-build-debug/CMakeFiles/CMakeTmp/src.cxx
/home/adrian/Escritorio/tpfinal/TP-Final-Dune-Grupo-1/cmake-build-debug/CMakeFiles/CMakeTmp/src.cxx: In function ‘int main()’:
/home/adrian/Escritorio/tpfinal/TP-Final-Dune-Grupo-1/cmake-build-debug/CMakeFiles/CMakeTmp/src.cxx:2:19: error: ‘std::experimental’ has not been declared
    2 | int main() { std::experimental::optional<int> o; return !o; }
      |                   ^~~~~~~~~~~~
/home/adrian/Escritorio/tpfinal/TP-Final-Dune-Grupo-1/cmake-build-debug/CMakeFiles/CMakeTmp/src.cxx:2:42: error: expected primary-expression before ‘int’
    2 | int main() { std::experimental::optional<int> o; return !o; }
      |                                          ^~~
/home/adrian/Escritorio/tpfinal/TP-Final-Dune-Grupo-1/cmake-build-debug/CMakeFiles/CMakeTmp/src.cxx:2:58: error: ‘o’ was not declared in this scope
    2 | int main() { std::experimental::optional<int> o; return !o; }
      |                                                          ^
ninja: build stopped: subcommand failed.


Source file was:
#include <experimental/optional>
int main() { std::experimental::optional<int> o; return !o; }
